commands.log
fiforeaderPiecewise
fifowriterPiecewise
fifowriterSingleStream
mgServer
mgSocketInterface
mgSubmitJob
timedCountdown
commands.log
fiforeaderPiecewise
fifowriterPiecewise
fifowriterSingleStream
mgServer
mgSocketInterface
mgSubmitJob
timedCountdown
commands.log
fiforeaderPiecewise
fifowriterPiecewise
fifowriterSingleStream
mgServer
mgSocketInterface
mgSubmitJob
timedCountdown
commands.log
fiforeaderPiecewise
fifowriterPiecewise
fifowriterSingleStream
mgServer
mgSocketInterface
mgSubmitJob
timedCountdown
commands.log
fiforeaderPiecewise
fifowriterPiecewise
fifowriterSingleStream
mgServer
mgSocketInterface
mgSubmitJob
timedCountdown
commands.log
fiforeaderPiecewise
fifowriterPiecewise
fifowriterSingleStream
mgServer
mgSocketInterface
mgSubmitJob
timedCountdown
commands.log
fiforeaderPiecewise
fifowriterPiecewise
fifowriterSingleStream
mgServer
mgSocketInterface
mgSubmitJob
timedCountdown
commands.log
fiforeaderPiecewise
fifowriterPiecewise
fifowriterSingleStream
mgServer
mgSocketInterface
mgSubmitJob
timedCountdown
commands.log
fiforeaderPiecewise
fifowriterPiecewise
fifowriterSingleStream
mgServer
mgSocketInterface
mgSubmitJob
timedCountdown
commands.log
fiforeaderPiecewise
fifowriterPiecewise
fifowriterSingleStream
mgServer
mgSocketInterface
mgSubmitJob
timedCountdown
