Starting up 4 processing units
/tmp/processor-kevinsullivan-fifo.0 ready...
/tmp/processor-kevinsullivan-fifo.1 ready...
/tmp/processor-kevinsullivan-fifo.2 ready...
/tmp/processor-kevinsullivan-fifo.3 ready...
/tmp/server-kevinsullivan-sock ready...
Ready for processing : place jobs into /tmp/server-kevinsullivan-fifo
Command on server: ls
Command on server: ls
Command on server: ls
Command on server: ls
----- Server Status -----
Jobs Completed : 4
-------------------------
Command on server: pwd
Command on server: pwd
Command on server: pwd
Command on server: pwd
----- Server Status -----
Jobs Completed : 8
-------------------------
Command on server: ls -l
Command on server: ls -l
Command on server: ls -l
Command on server: ls -l
Command on server: sh timedCountdown
Command on server: sh timedCountdown
Command on server: sh timedCountdown
Command on server: sh timedCountdown
Command on server: sh timedCountdown
Command on server: sh timedCountdown
----- Server Status -----
Jobs Completed : 18
-------------------------
SOCKET : /tmp/server-kevinsullivan-sock OFFLINE.
PROCESSOR : /tmp/processor-kevinsullivan-fifo.0 OFFLINE.
PROCESSOR : /tmp/processor-kevinsullivan-fifo.1 OFFLINE.
PROCESSOR : /tmp/processor-kevinsullivan-fifo.2 OFFLINE.
PROCESSOR : /tmp/processor-kevinsullivan-fifo.3 OFFLINE.
SERVER OFFLINE.
